

Processing ApplicationController#default_render (for 127.0.0.1 at 2007-08-18 15:18:51) [GET]
  Session ID: 9ad77ec12ed73aa2275408d87b37a713
  Parameters: {"action"=>"default_render", "anything"=>[], "controller"=>"compose"}


TypeError (superclass must be a Class (Module) given):
    /Users/olabini/workspace/jruby/lib/ruby/site_ruby/1.8/rubygems/custom_require.rb:27
    /Users/olabini/workspace/jruby/lib/ruby/site_ruby/1.8/rubygems/custom_require.rb:27
    /Users/olabini/workspace/jruby/lib/ruby/site_ruby/1.8/rubygems/custom_require.rb:27:in `require'
    /Users/olabini/workspace/jruby/lib/ruby/site_ruby/1.8/rubygems/custom_require.rb:27:in `require'
    /Users/olabini/workspace/jruby/lib/ruby/gems/1.8/gems/activesupport-1.4.2/lib/active_support/dependencies.rb:495:in `require'
    /Users/olabini/workspace/compose//lib/render_engine.rb:2:in `new_constants_in'
    /Users/olabini/workspace/jruby/lib/ruby/gems/1.8/gems/activesupport-1.4.2/lib/active_support/dependencies.rb:495:in `require'
    /Users/olabini/workspace/compose//lib/render_engine.rb:2
    /Users/olabini/workspace/jruby/lib/ruby/site_ruby/1.8/rubygems/custom_require.rb:27:in `require'
    /Users/olabini/workspace/jruby/lib/ruby/site_ruby/1.8/rubygems/custom_require.rb:27:in `require'
    /Users/olabini/workspace/jruby/lib/ruby/gems/1.8/gems/activesupport-1.4.2/lib/active_support/dependencies.rb:495:in `require'
    .//app/controllers/compose_controller.rb:1:in `new_constants_in'
    /Users/olabini/workspace/jruby/lib/ruby/gems/1.8/gems/activesupport-1.4.2/lib/active_support/dependencies.rb:495:in `require'
    .//app/controllers/compose_controller.rb:1
    /Users/olabini/workspace/jruby/lib/ruby/gems/1.8/gems/activesupport-1.4.2/lib/active_support/dependencies.rb:203:in `load'
    /Users/olabini/workspace/jruby/lib/ruby/gems/1.8/gems/activesupport-1.4.2/lib/active_support/dependencies.rb:203:in `load_file'
    /Users/olabini/workspace/jruby/lib/ruby/gems/1.8/gems/activesupport-1.4.2/lib/active_support/dependencies.rb:94:in `new_constants_in'
    /Users/olabini/workspace/jruby/lib/ruby/gems/1.8/gems/activesupport-1.4.2/lib/active_support/dependencies.rb:202:in `load_file'
    /Users/olabini/workspace/jruby/lib/ruby/gems/1.8/gems/activesupport-1.4.2/lib/active_support/dependencies.rb:94:in `require_or_load'
    /Users/olabini/workspace/jruby/lib/ruby/gems/1.8/gems/activesupport-1.4.2/lib/active_support/dependencies.rb:248:in `load_missing_constant'
    /Users/olabini/workspace/jruby/lib/ruby/gems/1.8/gems/activesupport-1.4.2/lib/active_support/dependencies.rb:452:in `const_missing'
    /Users/olabini/workspace/jruby/lib/ruby/gems/1.8/gems/activesupport-1.4.2/lib/active_support/dependencies.rb:464:in `const_missing'
    /Users/olabini/workspace/jruby/lib/ruby/gems/1.8/gems/activesupport-1.4.2/lib/active_support/inflector.rb:1:in `module_eval'
    /Users/olabini/workspace/jruby/lib/ruby/gems/1.8/gems/actionpack-1.13.3/lib/action_controller/routing.rb:1284:in `constantize'
    /Users/olabini/workspace/jruby/lib/ruby/gems/1.8/gems/actionpack-1.13.3/lib/action_controller/routing.rb:1284:in `recognize'
    /Users/olabini/workspace/jruby/lib/ruby/gems/1.8/gems/rails-1.2.3/lib/dispatcher.rb:40:in `dispatch'
    /Users/olabini/workspace/jruby/lib/ruby/gems/1.8/gems/mongrel-1.0.1-jruby/lib/mongrel/rails.rb:78:in `process'
    /Users/olabini/workspace/jruby/lib/ruby/gems/1.8/gems/mongrel-1.0.1-jruby/lib/mongrel.rb:618:in `synchronize'
    /Users/olabini/workspace/jruby/lib/ruby/gems/1.8/gems/mongrel-1.0.1-jruby/lib/mongrel/rails.rb:76:in `process'
    /Users/olabini/workspace/jruby/lib/ruby/gems/1.8/gems/mongrel-1.0.1-jruby/lib/mongrel.rb:618:in `process_client'
    /Users/olabini/workspace/jruby/lib/ruby/gems/1.8/gems/mongrel-1.0.1-jruby/lib/mongrel.rb:736:in `each'
    /Users/olabini/workspace/jruby/lib/ruby/gems/1.8/gems/mongrel-1.0.1-jruby/lib/mongrel.rb:617:in `process_client'
    /Users/olabini/workspace/jruby/lib/ruby/gems/1.8/gems/mongrel-1.0.1-jruby/lib/mongrel.rb:736:in `run'
    /Users/olabini/workspace/jruby/lib/ruby/gems/1.8/gems/mongrel-1.0.1-jruby/lib/mongrel/configurator.rb:271:in `initialize'


Rendering /Users/olabini/workspace/jruby/lib/ruby/gems/1.8/gems/actionpack-1.13.3/lib/action_controller/templates/rescues/layout.rhtml (500 Internal Error)


Processing ApplicationController#default_render (for 127.0.0.1 at 2007-08-18 15:19:48) [GET]
  Session ID: 9ad77ec12ed73aa2275408d87b37a713
  Parameters: {"action"=>"default_render", "anything"=>[], "controller"=>"compose"}


MissingSourceFile (no such file to load -- redcloth):
    /Users/olabini/workspace/jruby/lib/ruby/site_ruby/1.8/rubygems/custom_require.rb:27:in `require'
    /Users/olabini/workspace/jruby/lib/ruby/gems/1.8/gems/activesupport-1.4.2/lib/active_support/dependencies.rb:495:in `require'
    /Users/olabini/workspace/compose//lib/render_engine/redcloth.rb:1:in `new_constants_in'
    /Users/olabini/workspace/jruby/lib/ruby/gems/1.8/gems/activesupport-1.4.2/lib/active_support/dependencies.rb:495:in `require'
    /Users/olabini/workspace/compose//lib/render_engine/redcloth.rb:1
    /Users/olabini/workspace/jruby/lib/ruby/site_ruby/1.8/rubygems/custom_require.rb:27:in `require'
    /Users/olabini/workspace/jruby/lib/ruby/site_ruby/1.8/rubygems/custom_require.rb:27:in `require'
    /Users/olabini/workspace/jruby/lib/ruby/gems/1.8/gems/activesupport-1.4.2/lib/active_support/dependencies.rb:495:in `require'
    /Users/olabini/workspace/compose//lib/render_engine.rb:33:in `new_constants_in'
    /Users/olabini/workspace/jruby/lib/ruby/gems/1.8/gems/activesupport-1.4.2/lib/active_support/dependencies.rb:495:in `require'
    /Users/olabini/workspace/compose//lib/render_engine.rb:33
    /Users/olabini/workspace/jruby/lib/ruby/site_ruby/1.8/rubygems/custom_require.rb:27:in `require'
    /Users/olabini/workspace/jruby/lib/ruby/site_ruby/1.8/rubygems/custom_require.rb:27:in `require'
    /Users/olabini/workspace/jruby/lib/ruby/gems/1.8/gems/activesupport-1.4.2/lib/active_support/dependencies.rb:495:in `require'
    .//app/controllers/compose_controller.rb:1:in `new_constants_in'
    /Users/olabini/workspace/jruby/lib/ruby/gems/1.8/gems/activesupport-1.4.2/lib/active_support/dependencies.rb:495:in `require'
    .//app/controllers/compose_controller.rb:1
    /Users/olabini/workspace/jruby/lib/ruby/gems/1.8/gems/activesupport-1.4.2/lib/active_support/dependencies.rb:203:in `load'
    /Users/olabini/workspace/jruby/lib/ruby/gems/1.8/gems/activesupport-1.4.2/lib/active_support/dependencies.rb:203:in `load_file'
    /Users/olabini/workspace/jruby/lib/ruby/gems/1.8/gems/activesupport-1.4.2/lib/active_support/dependencies.rb:94:in `new_constants_in'
    /Users/olabini/workspace/jruby/lib/ruby/gems/1.8/gems/activesupport-1.4.2/lib/active_support/dependencies.rb:202:in `load_file'
    /Users/olabini/workspace/jruby/lib/ruby/gems/1.8/gems/activesupport-1.4.2/lib/active_support/dependencies.rb:94:in `require_or_load'
    /Users/olabini/workspace/jruby/lib/ruby/gems/1.8/gems/activesupport-1.4.2/lib/active_support/dependencies.rb:248:in `load_missing_constant'
    /Users/olabini/workspace/jruby/lib/ruby/gems/1.8/gems/activesupport-1.4.2/lib/active_support/dependencies.rb:452:in `const_missing'
    /Users/olabini/workspace/jruby/lib/ruby/gems/1.8/gems/activesupport-1.4.2/lib/active_support/dependencies.rb:464:in `const_missing'
    /Users/olabini/workspace/jruby/lib/ruby/gems/1.8/gems/activesupport-1.4.2/lib/active_support/inflector.rb:1:in `module_eval'
    /Users/olabini/workspace/jruby/lib/ruby/gems/1.8/gems/actionpack-1.13.3/lib/action_controller/routing.rb:1284:in `constantize'
    /Users/olabini/workspace/jruby/lib/ruby/gems/1.8/gems/actionpack-1.13.3/lib/action_controller/routing.rb:1284:in `recognize'
    /Users/olabini/workspace/jruby/lib/ruby/gems/1.8/gems/rails-1.2.3/lib/dispatcher.rb:40:in `dispatch'
    /Users/olabini/workspace/jruby/lib/ruby/gems/1.8/gems/mongrel-1.0.1-jruby/lib/mongrel/rails.rb:78:in `process'
    /Users/olabini/workspace/jruby/lib/ruby/gems/1.8/gems/mongrel-1.0.1-jruby/lib/mongrel.rb:618:in `synchronize'
    /Users/olabini/workspace/jruby/lib/ruby/gems/1.8/gems/mongrel-1.0.1-jruby/lib/mongrel/rails.rb:76:in `process'
    /Users/olabini/workspace/jruby/lib/ruby/gems/1.8/gems/mongrel-1.0.1-jruby/lib/mongrel.rb:618:in `process_client'
    /Users/olabini/workspace/jruby/lib/ruby/gems/1.8/gems/mongrel-1.0.1-jruby/lib/mongrel.rb:736:in `each'
    /Users/olabini/workspace/jruby/lib/ruby/gems/1.8/gems/mongrel-1.0.1-jruby/lib/mongrel.rb:617:in `process_client'
    /Users/olabini/workspace/jruby/lib/ruby/gems/1.8/gems/mongrel-1.0.1-jruby/lib/mongrel.rb:736:in `run'
    /Users/olabini/workspace/jruby/lib/ruby/gems/1.8/gems/mongrel-1.0.1-jruby/lib/mongrel/configurator.rb:271:in `initialize'


Rendering /Users/olabini/workspace/jruby/lib/ruby/gems/1.8/gems/actionpack-1.13.3/lib/action_controller/templates/rescues/layout.rhtml (500 Internal Error)


Processing ComposeController#default_render (for 127.0.0.1 at 2007-08-18 15:21:31) [GET]
  Session ID: 9ad77ec12ed73aa2275408d87b37a713
  Parameters: {"action"=>"default_render", "anything"=>[], "controller"=>"compose"}


RuntimeError (The driver encountered an error: com.mysql.jdbc.exceptions.MySQLNonTransientConnectionException: Server connection failure during transaction. Due to underlying exception: 'java.sql.SQLException: Access denied for user 'compose'@'localhost' (using password: YES)'.

** BEGIN NESTED EXCEPTION ** 

java.sql.SQLException
MESSAGE: Access denied for user 'compose'@'localhost' (using password: YES)

STACKTRACE:

java.sql.SQLException: Access denied for user 'compose'@'localhost' (using password: YES)
	at com.mysql.jdbc.SQLError.createSQLException(SQLError.java:946)
	at com.mysql.jdbc.MysqlIO.checkErrorPacket(MysqlIO.java:2870)
	at com.mysql.jdbc.MysqlIO.checkErrorPacket(MysqlIO.java:812)
	at com.mysql.jdbc.MysqlIO.secureAuth411(MysqlIO.java:3269)
	at com.mysql.jdbc.MysqlIO.doHandshake(MysqlIO.java:1182)
	at com.mysql.jdbc.Connection.createNewIO(Connection.java:2818)
	at com.mysql.jdbc.Connection.<init>(Connection.java:1531)
	at com.mysql.jdbc.NonRegisteringDriver.connect(NonRegisteringDriver.java:266)
	at java.sql.DriverManager.getConnection(DriverManager.java:548)
	at java.sql.DriverManager.getConnection(DriverManager.java:179)
	at sun.reflect.NativeMethodAccessorImpl.invoke0(Native Method)
	at sun.reflect.NativeMethodAccessorImpl.invoke(NativeMethodAccessorImpl.java:39)
	at sun.reflect.DelegatingMethodAccessorImpl.invoke(DelegatingMethodAccessorImpl.java:25)
	at java.lang.reflect.Method.invoke(Method.java:589)
	at org.jruby.javasupport.JavaMethod.invokeWithExceptionHandling(JavaMethod.java:199)
	at org.jruby.javasupport.JavaMethod.invoke_static(JavaMethod.java:185)
	at org.jruby.javasupport.JavaClass$StaticMethodInvoker.execute(JavaClass.java:379)
	at org.jruby.internal.runtime.methods.SimpleCallbackMethod.call(SimpleCallbackMethod.java:70)
	at org.jruby.runtime.CallAdapter$DefaultCallAdapter.call(CallAdapter.java:168)
	at org.jruby.runtime.CallAdapter$DefaultCallAdapter.call(CallAdapter.java:106)
	at org.jruby.evaluator.EvaluationState.callNode(EvaluationState.java:561)
	at org.jruby.evaluator.EvaluationState.evalInternal(EvaluationState.java:207)
	at org.jruby.evaluator.EvaluationState.setupArgs(EvaluationState.java:2155)
	at org.jruby.evaluator.EvaluationState.fCallNode(EvaluationState.java:992)
	at org.jruby.evaluator.EvaluationState.evalInternal(EvaluationState.java:253)
	at org.jruby.evaluator.EvaluationState.blockNode(EvaluationState.java:535)
	at org.jruby.evaluator.EvaluationState.evalInternal(EvaluationState.java:201)
	at org.jruby.evaluator.EvaluationState.eval(EvaluationState.java:164)
	at org.jruby.internal.runtime.methods.DefaultMethod.call(DefaultMethod.java:151)
	at org.jruby.runtime.CallAdapter$DefaultCallAdapter.call(CallAdapter.java:168)
	at org.jruby.runtime.CallAdapter$DefaultCallAdapter.call(CallAdapter.java:79)
	at org.jruby.evaluator.EvaluationState.vcallNode(EvaluationState.java:1701)
	at org.jruby.evaluator.EvaluationState.evalInternal(EvaluationState.java:382)
	at org.jruby.evaluator.EvaluationState.blockNode(EvaluationState.java:535)
	at org.jruby.evaluator.EvaluationState.evalInternal(EvaluationState.java:201)
	at org.jruby.evaluator.EvaluationState.rescueNode(EvaluationState.java:1471)
	at org.jruby.evaluator.EvaluationState.evalInternal(EvaluationState.java:350)
	at org.jruby.evaluator.EvaluationState.eval(EvaluationState.java:164)
	at org.jruby.internal.runtime.methods.DefaultMethod.call(DefaultMethod.java:151)
	at org.jruby.RubyObject.callMethod(RubyObject.java:526)
	at org.jruby.RubyObject.callMethod(RubyObject.java:482)
	at org.jruby.RubyClass.newInstance(RubyClass.java:284)
	at org.jruby.RubyClassInvoker$newInstance_opt.call(Unknown Source)
	at org.jruby.runtime.callback.InvocationCallback.execute(InvocationCallback.java:58)
	at org.jruby.internal.runtime.methods.FullFunctionCallbackMethod.call(FullFunctionCallbackMethod.java:73)
	at org.jruby.runtime.CallAdapter$DefaultCallAdapter.call(CallAdapter.java:168)
	at org.jruby.runtime.CallAdapter$DefaultCallAdapter.call(CallAdapter.java:106)
	at org.jruby.evaluator.EvaluationState.callNode(EvaluationState.java:561)
	at org.jruby.evaluator.EvaluationState.evalInternal(EvaluationState.java:207)
	at org.jruby.evaluator.EvaluationState.localAsgnNode(EvaluationState.java:1182)
	at org.jruby.evaluator.EvaluationState.evalInternal(EvaluationState.java:286)
	at org.jruby.evaluator.EvaluationState.blockNode(EvaluationState.java:535)
	at org.jruby.evaluator.EvaluationState.evalInternal(EvaluationState.java:201)
	at org.jruby.evaluator.EvaluationState.eval(EvaluationState.java:164)
	at org.jruby.internal.runtime.methods.DefaultMethod.call(DefaultMethod.java:151)
	at org.jruby.RubyObject.callMethod(RubyObject.java:526)
	at org.jruby.RubyObject.callMethod(RubyObject.java:488)
	at org.jruby.RubyObject.send(RubyObject.java:1398)
	at org.jruby.RubyObjectInvoker$send_opt.call(Unknown Source)
	at org.jruby.runtime.callback.InvocationCallback.execute(InvocationCallback.java:58)
	at org.jruby.internal.runtime.methods.FullFunctionCallbackMethod.call(FullFunctionCallbackMethod.java:73)
	at org.jruby.runtime.CallAdapter$DefaultCallAdapter.call(CallAdapter.java:168)
	at org.jruby.runtime.CallAdapter$DefaultCallAdapter.call(CallAdapter.java:106)
	at org.jruby.evaluator.EvaluationState.callNode(EvaluationState.java:561)
	at org.jruby.evaluator.EvaluationState.evalInternal(EvaluationState.java:207)
	at org.jruby.evaluator.EvaluationState.setupArgs(EvaluationState.java:2155)
	at org.jruby.evaluator.EvaluationState.attrAssignNode(EvaluationState.java:481)
	at org.jruby.evaluator.EvaluationState.evalInternal(EvaluationState.java:192)
	at org.jruby.evaluator.EvaluationState.blockNode(EvaluationState.java:535)
	at org.jruby.evaluator.EvaluationState.evalInternal(EvaluationState.java:201)
	at org.jruby.evaluator.EvaluationState.eval(EvaluationState.java:164)
	at org.jruby.internal.runtime.methods.DefaultMethod.call(DefaultMethod.java:151)
	at org.jruby.internal.runtime.methods.AliasMethod.call(AliasMethod.java:60)
	at org.jruby.evaluator.EvaluationState.attrAssignNode(EvaluationState.java:498)
	at org.jruby.evaluator.EvaluationState.evalInternal(EvaluationState.java:192)
	at org.jruby.evaluator.EvaluationState.blockNode(EvaluationState.java:535)
	at org.jruby.evaluator.EvaluationState.evalInternal(EvaluationState.java:201)
	at org.jruby.evaluator.EvaluationState.eval(EvaluationState.java:164)
	at org.jruby.internal.runtime.methods.DefaultMethod.call(DefaultMethod.java:151)
	at org.jruby.evaluator.EvaluationState.attrAssignNode(EvaluationState.java:498)
	at org.jruby.evaluator.EvaluationState.evalInternal(EvaluationState.java:192)
	at org.jruby.evaluator.EvaluationState.blockNode(EvaluationState.java:535)
	at org.jruby.evaluator.EvaluationState.evalInternal(EvaluationState.java:201)
	at org.jruby.evaluator.EvaluationState.blockNode(EvaluationState.java:535)
	at org.jruby.evaluator.EvaluationState.evalInternal(EvaluationState.java:201)
	at org.jruby.evaluator.EvaluationState.eval(EvaluationState.java:164)
	at org.jruby.internal.runtime.methods.DefaultMethod.call(DefaultMethod.java:151)
	at org.jruby.runtime.CallAdapter$DefaultCallAdapter.call(CallAdapter.java:168)
	at org.jruby.runtime.CallAdapter$DefaultCallAdapter.call(CallAdapter.java:79)
	at org.jruby.evaluator.EvaluationState.vcallNode(EvaluationState.java:1701)
	at org.jruby.evaluator.EvaluationState.evalInternal(EvaluationState.java:382)
	at org.jruby.evaluator.EvaluationState.localAsgnNode(EvaluationState.java:1182)
	at org.jruby.evaluator.EvaluationState.evalInternal(EvaluationState.java:286)
	at org.jruby.evaluator.EvaluationState.blockNode(EvaluationState.java:535)
	at org.jruby.evaluator.EvaluationState.evalInternal(EvaluationState.java:201)
	at org.jruby.evaluator.EvaluationState.eval(EvaluationState.java:164)
	at org.jruby.internal.runtime.methods.DefaultMethod.call(DefaultMethod.java:151)
	at org.jruby.runtime.CallAdapter$DefaultCallAdapter.call(CallAdapter.java:168)
	at org.jruby.runtime.CallAdapter$DefaultCallAdapter.call(CallAdapter.java:79)
	at org.jruby.evaluator.EvaluationState.vcallNode(EvaluationState.java:1701)
	at org.jruby.evaluator.EvaluationState.evalInternal(EvaluationState.java:382)
	at org.jruby.evaluator.EvaluationState.callNode(EvaluationState.java:552)
	at org.jruby.evaluator.EvaluationState.evalInternal(EvaluationState.java:207)
	at org.jruby.evaluator.EvaluationState.blockNode(EvaluationState.java:535)
	at org.jruby.evaluator.EvaluationState.evalInternal(EvaluationState.java:201)
	at org.jruby.evaluator.EvaluationState.eval(EvaluationState.java:164)
	at org.jruby.internal.runtime.methods.DefaultMethod.call(DefaultMethod.java:151)
	at org.jruby.runtime.CallAdapter$DefaultCallAdapter.call(CallAdapter.java:168)
	at org.jruby.runtime.CallAdapter$DefaultCallAdapter.call(CallAdapter.java:106)
	at org.jruby.evaluator.EvaluationState.fCallNode(EvaluationState.java:997)
	at org.jruby.evaluator.EvaluationState.evalInternal(EvaluationState.java:253)
	at org.jruby.evaluator.EvaluationState.blockNode(EvaluationState.java:535)
	at org.jruby.evaluator.EvaluationState.evalInternal(EvaluationState.java:201)
	at org.jruby.evaluator.EvaluationState.eval(EvaluationState.java:164)
	at org.jruby.internal.runtime.methods.DefaultMethod.call(DefaultMethod.java:151)
	at org.jruby.runtime.CallAdapter$DefaultCallAdapter.call(CallAdapter.java:168)
	at org.jruby.runtime.CallAdapter$DefaultCallAdapter.call(CallAdapter.java:106)
	at org.jruby.evaluator.EvaluationState.fCallNode(EvaluationState.java:997)
	at org.jruby.evaluator.EvaluationState.evalInternal(EvaluationState.java:253)
	at org.jruby.evaluator.EvaluationState.setupArgs(EvaluationState.java:2155)
	at org.jruby.evaluator.EvaluationState.fCallNode(EvaluationState.java:992)
	at org.jruby.evaluator.EvaluationState.evalInternal(EvaluationState.java:253)
	at org.jruby.evaluator.EvaluationState.localAsgnNode(EvaluationState.java:1182)
	at org.jruby.evaluator.EvaluationState.evalInternal(EvaluationState.java:286)
	at org.jruby.evaluator.EvaluationState.blockNode(EvaluationState.java:535)
	at org.jruby.evaluator.EvaluationState.evalInternal(EvaluationState.java:201)
	at org.jruby.evaluator.EvaluationState.eval(EvaluationState.java:164)
	at org.jruby.internal.runtime.methods.DefaultMethod.call(DefaultMethod.java:151)
	at org.jruby.runtime.CallAdapter$DefaultCallAdapter.call(CallAdapter.java:168)
	at org.jruby.runtime.CallAdapter$DefaultCallAdapter.call(CallAdapter.java:106)
	at org.jruby.evaluator.EvaluationState.fCallNode(EvaluationState.java:997)
	at org.jruby.evaluator.EvaluationState.evalInternal(EvaluationState.java:253)
	at org.jruby.evaluator.EvaluationState.caseNode(EvaluationState.java:629)
	at org.jruby.evaluator.EvaluationState.evalInternal(EvaluationState.java:209)
	at org.jruby.evaluator.EvaluationState.blockNode(EvaluationState.java:535)
	at org.jruby.evaluator.EvaluationState.evalInternal(EvaluationState.java:201)
	at org.jruby.evaluator.EvaluationState.eval(EvaluationState.java:164)
	at org.jruby.internal.runtime.methods.DefaultMethod.call(DefaultMethod.java:151)
	at org.jruby.runtime.CallAdapter$DefaultCallAdapter.call(CallAdapter.java:168)
	at org.jruby.runtime.CallAdapter$DefaultCallAdapter.call(CallAdapter.java:106)
	at org.jruby.evaluator.EvaluationState.callNode(EvaluationState.java:561)
	at org.jruby.evaluator.EvaluationState.evalInternal(EvaluationState.java:207)
	at org.jruby.evaluator.EvaluationState.localAsgnNode(EvaluationState.java:1182)
	at org.jruby.evaluator.EvaluationState.evalInternal(EvaluationState.java:286)
	at org.jruby.evaluator.EvaluationState.blockNode(EvaluationState.java:535)
	at org.jruby.evaluator.EvaluationState.evalInternal(EvaluationState.java:201)
	at org.jruby.evaluator.EvaluationState.eval(EvaluationState.java:164)
	at org.jruby.internal.runtime.methods.DefaultMethod.call(DefaultMethod.java:151)
	at org.jruby.RubyObject.callMethod(RubyObject.java:526)
	at org.jruby.RubyObject.callMethod(RubyObject.java:488)
	at org.jruby.RubyObject.send(RubyObject.java:1398)
	at org.jruby.RubyObjectInvoker$send_opt.call(Unknown Source)
	at org.jruby.runtime.callback.InvocationCallback.execute(InvocationCallback.java:58)
	at org.jruby.internal.runtime.methods.FullFunctionCallbackMethod.call(FullFunctionCallbackMethod.java:73)
	at org.jruby.runtime.CallAdapter$DefaultCallAdapter.call(CallAdapter.java:168)
	at org.jruby.runtime.CallAdapter$DefaultCallAdapter.call(CallAdapter.java:106)
	at org.jruby.evaluator.EvaluationState.fCallNode(EvaluationState.java:997)
	at org.jruby.evaluator.EvaluationState.evalInternal(EvaluationState.java:253)
	at org.jruby.evaluator.EvaluationState.blockNode(EvaluationState.java:535)
	at org.jruby.evaluator.EvaluationState.evalInternal(EvaluationState.java:201)
	at org.jruby.evaluator.EvaluationState.eval(EvaluationState.java:164)
	at org.jruby.internal.runtime.methods.DefaultMethod.call(DefaultMethod.java:151)
	at org.jruby.internal.runtime.methods.AliasMethod.call(AliasMethod.java:60)
	at org.jruby.runtime.CallAdapter$DefaultCallAdapter.call(CallAdapter.java:168)
	at org.jruby.runtime.CallAdapter$DefaultCallAdapter.call(CallAdapter.java:79)
	at org.jruby.evaluator.EvaluationState.vcallNode(EvaluationState.java:1701)
	at org.jruby.evaluator.EvaluationState.evalInternal(EvaluationState.java:382)
	at org.jruby.evaluator.EvaluationState.orNode(EvaluationState.java:1413)
	at org.jruby.evaluator.EvaluationState.evalInternal(EvaluationState.java:339)
	at org.jruby.evaluator.EvaluationState.returnNode(EvaluationState.java:1537)
	at org.jruby.evaluator.EvaluationState.evalInternal(EvaluationState.java:354)
	at org.jruby.evaluator.EvaluationState.blockNode(EvaluationState.java:535)
	at org.jruby.evaluator.EvaluationState.evalInternal(EvaluationState.java:201)
	at org.jruby.evaluator.EvaluationState.eval(EvaluationState.java:164)
	at org.jruby.internal.runtime.methods.DefaultMethod.call(DefaultMethod.java:151)
	at org.jruby.runtime.CallAdapter$DefaultCallAdapter.call(CallAdapter.java:168)
	at org.jruby.runtime.CallAdapter$DefaultCallAdapter.call(CallAdapter.java:106)
	at org.jruby.evaluator.EvaluationState.fCallNode(EvaluationState.java:997)
	at org.jruby.evaluator.EvaluationState.evalInternal(EvaluationState.java:253)
	at org.jruby.evaluator.EvaluationState.eval(EvaluationState.java:164)
	at org.jruby.internal.runtime.methods.DefaultMethod.call(DefaultMethod.java:151)
	at org.jruby.internal.runtime.methods.AliasMethod.call(AliasMethod.java:60)
	at org.jruby.internal.runtime.methods.AliasMethod.call(AliasMethod.java:60)
	at org.jruby.runtime.CallAdapter$DefaultCallAdapter.call(CallAdapter.java:168)
	at org.jruby.runtime.CallAdapter$DefaultCallAdapter.call(CallAdapter.java:79)
	at org.jruby.evaluator.EvaluationState.vcallNode(EvaluationState.java:1701)
	at org.jruby.evaluator.EvaluationState.evalInternal(EvaluationState.java:382)
	at org.jruby.evaluator.EvaluationState.eval(EvaluationState.java:164)
	at org.jruby.runtime.Block.yield(Block.java:216)
	at org.jruby.evaluator.EvaluationState.yieldNode(EvaluationState.java:1770)
	at org.jruby.evaluator.EvaluationState.evalInternal(EvaluationState.java:391)
	at org.jruby.evaluator.EvaluationState.blockNode(EvaluationState.java:535)
	at org.jruby.evaluator.EvaluationState.evalInternal(EvaluationState.java:201)
	at org.jruby.evaluator.EvaluationState.eval(EvaluationState.java:164)
	at org.jruby.internal.runtime.methods.DefaultMethod.call(DefaultMethod.java:151)
	at org.jruby.internal.runtime.methods.WrapperMethod.call(WrapperMethod.java:54)
	at org.jruby.runtime.CallAdapter$DefaultCallAdapter.call(CallAdapter.java:168)
	at org.jruby.evaluator.EvaluationState.callNode(EvaluationState.java:566)
	at org.jruby.evaluator.EvaluationState.evalInternal(EvaluationState.java:207)
	at org.jruby.evaluator.EvaluationState.callNode(EvaluationState.java:552)
	at org.jruby.evaluator.EvaluationState.evalInternal(EvaluationState.java:207)
	at org.jruby.evaluator.EvaluationState.arrayNode(EvaluationState.java:438)
	at org.jruby.evaluator.EvaluationState.evalInternal(EvaluationState.java:190)
	at org.jruby.evaluator.EvaluationState.callNode(EvaluationState.java:552)
	at org.jruby.evaluator.EvaluationState.evalInternal(EvaluationState.java:207)
	at org.jruby.evaluator.EvaluationState.localAsgnNode(EvaluationState.java:1182)
	at org.jruby.evaluator.EvaluationState.evalInternal(EvaluationState.java:286)
	at org.jruby.evaluator.EvaluationState.blockNode(EvaluationState.java:535)
	at org.jruby.evaluator.EvaluationState.evalInternal(EvaluationState.java:201)
	at org.jruby.evaluator.EvaluationState.eval(EvaluationState.java:164)
	at org.jruby.internal.runtime.methods.DefaultMethod.call(DefaultMethod.java:151)
	at org.jruby.internal.runtime.methods.AliasMethod.call(AliasMethod.java:60)
	at org.jruby.internal.runtime.methods.AliasMethod.call(AliasMethod.java:60)
	at org.jruby.runtime.CallAdapter$DefaultCallAdapter.call(CallAdapter.java:168)
	at org.jruby.runtime.CallAdapter$DefaultCallAdapter.call(CallAdapter.java:79)
	at org.jruby.evaluator.EvaluationState.vcallNode(EvaluationState.java:1701)
	at org.jruby.evaluator.EvaluationState.evalInternal(EvaluationState.java:382)
	at org.jruby.evaluator.EvaluationState.rescueNode(EvaluationState.java:1471)
	at org.jruby.evaluator.EvaluationState.evalInternal(EvaluationState.java:350)
	at org.jruby.evaluator.EvaluationState.eval(EvaluationState.java:164)
	at org.jruby.internal.runtime.methods.DefaultMethod.call(DefaultMethod.java:151)
	at org.jruby.internal.runtime.methods.AliasMethod.call(AliasMethod.java:60)
	at org.jruby.RubyObject.callMethod(RubyObject.java:526)
	at org.jruby.RubyObject.callMethod(RubyObject.java:488)
	at org.jruby.RubyObject.send(RubyObject.java:1398)
	at org.jruby.RubyObjectInvoker$send_opt.call(Unknown Source)
	at org.jruby.runtime.callback.InvocationCallback.execute(InvocationCallback.java:58)
	at org.jruby.internal.runtime.methods.FullFunctionCallbackMethod.call(FullFunctionCallbackMethod.java:73)
	at org.jruby.runtime.CallAdapter$DefaultCallAdapter.call(CallAdapter.java:168)
	at org.jruby.runtime.CallAdapter$DefaultCallAdapter.call(CallAdapter.java:106)
	at org.jruby.evaluator.EvaluationState.fCallNode(EvaluationState.java:997)
	at org.jruby.evaluator.EvaluationState.evalInternal(EvaluationState.java:253)
	at org.jruby.evaluator.EvaluationState.blockNode(EvaluationState.java:535)
	at org.jruby.evaluator.EvaluationState.evalInternal(EvaluationState.java:201)
	at org.jruby.evaluator.EvaluationState.ensureNode(EvaluationState.java:969)
	at org.jruby.evaluator.EvaluationState.evalInternal(EvaluationState.java:247)
	at org.jruby.evaluator.EvaluationState.eval(EvaluationState.java:164)
	at org.jruby.internal.runtime.methods.DefaultMethod.call(DefaultMethod.java:151)
	at org.jruby.internal.runtime.methods.AliasMethod.call(AliasMethod.java:60)
	at org.jruby.runtime.CallAdapter$DefaultCallAdapter.call(CallAdapter.java:168)
	at org.jruby.runtime.CallAdapter$DefaultCallAdapter.call(CallAdapter.java:106)
	at org.jruby.evaluator.EvaluationState.fCallNode(EvaluationState.java:997)
	at org.jruby.evaluator.EvaluationState.evalInternal(EvaluationState.java:253)
	at org.jruby.evaluator.EvaluationState.blockNode(EvaluationState.java:535)
	at org.jruby.evaluator.EvaluationState.evalInternal(EvaluationState.java:201)
	at org.jruby.evaluator.EvaluationState.eval(EvaluationState.java:164)
	at org.jruby.internal.runtime.methods.DefaultMethod.call(DefaultMethod.java:151)
	at org.jruby.internal.runtime.methods.AliasMethod.call(AliasMethod.java:60)
	at org.jruby.internal.runtime.methods.AliasMethod.call(AliasMethod.java:60)
	at org.jruby.runtime.CallAdapter$DefaultCallAdapter.call(CallAdapter.java:168)
	at org.jruby.runtime.CallAdapter$DefaultCallAdapter.call(CallAdapter.java:106)
	at org.jruby.evaluator.EvaluationState.fCallNode(EvaluationState.java:997)
	at org.jruby.evaluator.EvaluationState.evalInternal(EvaluationState.java:253)
	at org.jruby.evaluator.EvaluationState.blockNode(EvaluationState.java:535)
	at org.jruby.evaluator.EvaluationState.evalInternal(EvaluationState.java:201)
	at org.jruby.evaluator.EvaluationState.eval(EvaluationState.java:164)
	at org.jruby.internal.runtime.methods.DefaultMethod.call(DefaultMethod.java:151)
	at org.jruby.internal.runtime.methods.AliasMethod.call(AliasMethod.java:60)
	at org.jruby.runtime.CallAdapter$DefaultCallAdapter.call(CallAdapter.java:168)
	at org.jruby.runtime.CallAdapter$DefaultCallAdapter.call(CallAdapter.java:106)
	at org.jruby.evaluator.EvaluationState.callNode(EvaluationState.java:561)
	at org.jruby.evaluator.EvaluationState.evalInternal(EvaluationState.java:207)
	at org.jruby.evaluator.EvaluationState.eval(EvaluationState.java:164)
	at org.jruby.internal.runtime.methods.DefaultMethod.call(DefaultMethod.java:151)
	at org.jruby.runtime.CallAdapter$DefaultCallAdapter.call(CallAdapter.java:168)
	at org.jruby.runtime.CallAdapter$DefaultCallAdapter.call(CallAdapter.java:106)
	at org.jruby.evaluator.EvaluationState.callNode(EvaluationState.java:561)
	at org.jruby.evaluator.EvaluationState.evalInternal(EvaluationState.java:207)
	at org.jruby.evaluator.EvaluationState.callNode(EvaluationState.java:552)
	at org.jruby.evaluator.EvaluationState.evalInternal(EvaluationState.java:207)
	at org.jruby.evaluator.EvaluationState.blockNode(EvaluationState.java:535)
	at org.jruby.evaluator.EvaluationState.evalInternal(EvaluationState.java:201)
	at org.jruby.evaluator.EvaluationState.blockNode(EvaluationState.java:535)
	at org.jruby.evaluator.EvaluationState.evalInternal(EvaluationState.java:201)
	at org.jruby.evaluator.EvaluationState.rescueNode(EvaluationState.java:1471)
	at org.jruby.evaluator.EvaluationState.evalInternal(EvaluationState.java:350)
	at org.jruby.evaluator.EvaluationState.ensureNode(EvaluationState.java:969)
	at org.jruby.evaluator.EvaluationState.evalInternal(EvaluationState.java:247)
	at org.jruby.evaluator.EvaluationState.eval(EvaluationState.java:164)
	at org.jruby.internal.runtime.methods.DefaultMethod.call(DefaultMethod.java:151)
	at org.jruby.runtime.CallAdapter$DefaultCallAdapter.call(CallAdapter.java:168)
	at org.jruby.runtime.CallAdapter$DefaultCallAdapter.call(CallAdapter.java:106)
	at org.jruby.evaluator.EvaluationState.callNode(EvaluationState.java:561)
	at org.jruby.evaluator.EvaluationState.evalInternal(EvaluationState.java:207)
	at org.jruby.evaluator.EvaluationState.blockNode(EvaluationState.java:535)
	at org.jruby.evaluator.EvaluationState.evalInternal(EvaluationState.java:201)
	at org.jruby.evaluator.EvaluationState.eval(EvaluationState.java:164)
	at org.jruby.runtime.Block.yield(Block.java:216)
	at org.jruby.runtime.Block.yield(Block.java:181)
	at org.jruby.libraries.ThreadLibrary$Mutex.synchronize(ThreadLibrary.java:140)
	at org.jruby.libraries.ThreadLibrary$MutexInvoker$synchronize_0.call(Unknown Source)
	at org.jruby.runtime.callback.InvocationCallback.execute(InvocationCallback.java:58)
	at org.jruby.internal.runtime.methods.FullFunctionCallbackMethod.call(FullFunctionCallbackMethod.java:73)
	at org.jruby.runtime.CallAdapter$DefaultCallAdapter.call(CallAdapter.java:168)
	at org.jruby.evaluator.EvaluationState.callNode(EvaluationState.java:566)
	at org.jruby.evaluator.EvaluationState.evalInternal(EvaluationState.java:207)
	at org.jruby.evaluator.EvaluationState.blockNode(EvaluationState.java:535)
	at org.jruby.evaluator.EvaluationState.evalInternal(EvaluationState.java:201)
	at org.jruby.evaluator.EvaluationState.rescueNode(EvaluationState.java:1471)
	at org.jruby.evaluator.EvaluationState.evalInternal(EvaluationState.java:350)
	at org.jruby.evaluator.EvaluationState.blockNode(EvaluationState.java:535)
	at org.jruby.evaluator.EvaluationState.evalInternal(EvaluationState.java:201)
	at org.jruby.evaluator.EvaluationState.eval(EvaluationState.java:164)
	at org.jruby.internal.runtime.methods.DefaultMethod.call(DefaultMethod.java:151)
	at org.jruby.runtime.CallAdapter$DefaultCallAdapter.call(CallAdapter.java:168)
	at org.jruby.runtime.CallAdapter$DefaultCallAdapter.call(CallAdapter.java:106)
	at org.jruby.evaluator.EvaluationState.callNode(EvaluationState.java:561)
	at org.jruby.evaluator.EvaluationState.evalInternal(EvaluationState.java:207)
	at org.jruby.evaluator.EvaluationState.blockNode(EvaluationState.java:535)
	at org.jruby.evaluator.EvaluationState.evalInternal(EvaluationState.java:201)
	at org.jruby.evaluator.EvaluationState.eval(EvaluationState.java:164)
	at org.jruby.runtime.Block.yield(Block.java:216)
	at org.jruby.runtime.Block.yield(Block.java:181)
	at org.jruby.RubyArray.each(RubyArray.java:1214)
	at org.jruby.RubyArrayInvoker$each_0.call(Unknown Source)
	at org.jruby.runtime.callback.InvocationCallback.execute(InvocationCallback.java:58)
	at org.jruby.internal.runtime.methods.FullFunctionCallbackMethod.call(FullFunctionCallbackMethod.java:73)
	at org.jruby.runtime.CallAdapter$DefaultCallAdapter.call(CallAdapter.java:168)
	at org.jruby.evaluator.EvaluationState.callNode(EvaluationState.java:566)
	at org.jruby.evaluator.EvaluationState.evalInternal(EvaluationState.java:207)
	at org.jruby.evaluator.EvaluationState.blockNode(EvaluationState.java:535)
	at org.jruby.evaluator.EvaluationState.evalInternal(EvaluationState.java:201)
	at org.jruby.evaluator.EvaluationState.blockNode(EvaluationState.java:535)
	at org.jruby.evaluator.EvaluationState.evalInternal(EvaluationState.java:201)
	at org.jruby.evaluator.EvaluationState.blockNode(EvaluationState.java:535)
	at org.jruby.evaluator.EvaluationState.evalInternal(EvaluationState.java:201)
	at org.jruby.evaluator.EvaluationState.whileNode(EvaluationState.java:1714)
	at org.jruby.evaluator.EvaluationState.evalInternal(EvaluationState.java:387)
	at org.jruby.evaluator.EvaluationState.blockNode(EvaluationState.java:535)
	at org.jruby.evaluator.EvaluationState.evalInternal(EvaluationState.java:201)
	at org.jruby.evaluator.EvaluationState.rescueNode(EvaluationState.java:1471)
	at org.jruby.evaluator.EvaluationState.evalInternal(EvaluationState.java:350)
	at org.jruby.evaluator.EvaluationState.ensureNode(EvaluationState.java:969)
	at org.jruby.evaluator.EvaluationState.evalInternal(EvaluationState.java:247)
	at org.jruby.evaluator.EvaluationState.eval(EvaluationState.java:164)
	at org.jruby.internal.runtime.methods.DefaultMethod.call(DefaultMethod.java:151)
	at org.jruby.runtime.CallAdapter$DefaultCallAdapter.call(CallAdapter.java:168)
	at org.jruby.runtime.CallAdapter$DefaultCallAdapter.call(CallAdapter.java:106)
	at org.jruby.evaluator.EvaluationState.fCallNode(EvaluationState.java:997)
	at org.jruby.evaluator.EvaluationState.evalInternal(EvaluationState.java:253)
	at org.jruby.evaluator.EvaluationState.eval(EvaluationState.java:164)
	at org.jruby.runtime.Block.yield(Block.java:216)
	at org.jruby.runtime.Block.call(Block.java:169)
	at org.jruby.RubyProc.call(RubyProc.java:174)
	at org.jruby.RubyProc.call(RubyProc.java:149)
	at org.jruby.internal.runtime.RubyNativeThread.run(RubyNativeThread.java:73)


** END NESTED EXCEPTION **


Attempted reconnect 3 times. Giving up.):
    /Users/olabini/workspace/jruby/lib/ruby/gems/1.8/gems/ActiveRecord-JDBC-0.5/lib/active_record/connection_adapters/jdbc_adapter.rb:247:in `initialize'
    /Users/olabini/workspace/jruby/lib/ruby/gems/1.8/gems/ActiveRecord-JDBC-0.5/lib/active_record/connection_adapters/jdbc_adapter.rb:41:in `new'
    /Users/olabini/workspace/jruby/lib/ruby/gems/1.8/gems/ActiveRecord-JDBC-0.5/lib/active_record/connection_adapters/jdbc_adapter.rb:41:in `jdbc_connection'
    /Users/olabini/workspace/jruby/lib/ruby/gems/1.8/gems/activerecord-1.15.3/lib/active_record/connection_adapters/abstract/connection_specification.rb:262:in `send'
    /Users/olabini/workspace/jruby/lib/ruby/gems/1.8/gems/activerecord-1.15.3/lib/active_record/connection_adapters/abstract/connection_specification.rb:262:in `connection='
    /Users/olabini/workspace/jruby/lib/ruby/gems/1.8/gems/activerecord-1.15.3/lib/active_record/query_cache.rb:54:in `connection='
    /Users/olabini/workspace/jruby/lib/ruby/gems/1.8/gems/activerecord-1.15.3/lib/active_record/connection_adapters/abstract/connection_specification.rb:230:in `retrieve_connection'
    /Users/olabini/workspace/jruby/lib/ruby/gems/1.8/gems/activerecord-1.15.3/lib/active_record/connection_adapters/abstract/connection_specification.rb:78:in `connection'
    /Users/olabini/workspace/jruby/lib/ruby/gems/1.8/gems/activerecord-1.15.3/lib/active_record/base.rb:1139:in `add_limit!'
    /Users/olabini/workspace/jruby/lib/ruby/gems/1.8/gems/activerecord-1.15.3/lib/active_record/base.rb:1101:in `construct_finder_sql'
    /Users/olabini/workspace/jruby/lib/ruby/gems/1.8/gems/activerecord-1.15.3/lib/active_record/base.rb:995:in `find_every'
    /Users/olabini/workspace/jruby/lib/ruby/gems/1.8/gems/activerecord-1.15.3/lib/active_record/base.rb:418:in `find'
    .//app/controllers/compose_controller.rb:6:in `default_render'
    /Users/olabini/workspace/jruby/lib/ruby/gems/1.8/gems/actionpack-1.13.3/lib/action_controller/base.rb:1095:in `send'
    /Users/olabini/workspace/jruby/lib/ruby/gems/1.8/gems/actionpack-1.13.3/lib/action_controller/base.rb:1095:in `perform_action'
    /Users/olabini/workspace/jruby/lib/ruby/gems/1.8/gems/actionpack-1.13.3/lib/action_controller/filters.rb:632:in `call_filter'
    /Users/olabini/workspace/jruby/lib/ruby/gems/1.8/gems/actionpack-1.13.3/lib/action_controller/filters.rb:619:in `perform_action_with_filters'
    /Users/olabini/workspace/jruby/lib/ruby/gems/1.8/gems/actionpack-1.13.3/lib/action_controller/benchmarking.rb:66:in `perform_action_with_benchmark'
    /Users/olabini/workspace/jruby/lib/ruby/gems/1.8/gems/actionpack-1.13.3/lib/action_controller/rescue.rb:83:in `measure'
    /Users/olabini/workspace/jruby/lib/ruby/gems/1.8/gems/actionpack-1.13.3/lib/action_controller/benchmarking.rb:66:in `perform_action_with_benchmark'
    /Users/olabini/workspace/jruby/lib/ruby/gems/1.8/gems/actionpack-1.13.3/lib/action_controller/rescue.rb:83:in `perform_action_with_rescue'
    /Users/olabini/workspace/jruby/lib/ruby/gems/1.8/gems/actionpack-1.13.3/lib/action_controller/base.rb:430:in `send'
    /Users/olabini/workspace/jruby/lib/ruby/gems/1.8/gems/actionpack-1.13.3/lib/action_controller/base.rb:430:in `process'
    /Users/olabini/workspace/jruby/lib/ruby/gems/1.8/gems/actionpack-1.13.3/lib/action_controller/filters.rb:624:in `process_with_filters'
    /Users/olabini/workspace/jruby/lib/ruby/gems/1.8/gems/actionpack-1.13.3/lib/action_controller/session_management.rb:114:in `process_with_session_management_support'
    /Users/olabini/workspace/jruby/lib/ruby/gems/1.8/gems/actionpack-1.13.3/lib/action_controller/base.rb:330:in `process'
    /Users/olabini/workspace/jruby/lib/ruby/gems/1.8/gems/rails-1.2.3/lib/dispatcher.rb:41:in `dispatch'
    /Users/olabini/workspace/jruby/lib/ruby/gems/1.8/gems/mongrel-1.0.1-jruby/lib/mongrel/rails.rb:78:in `process'
    /Users/olabini/workspace/jruby/lib/ruby/gems/1.8/gems/mongrel-1.0.1-jruby/lib/mongrel.rb:618:in `synchronize'
    /Users/olabini/workspace/jruby/lib/ruby/gems/1.8/gems/mongrel-1.0.1-jruby/lib/mongrel/rails.rb:76:in `process'
    /Users/olabini/workspace/jruby/lib/ruby/gems/1.8/gems/mongrel-1.0.1-jruby/lib/mongrel.rb:618:in `process_client'
    /Users/olabini/workspace/jruby/lib/ruby/gems/1.8/gems/mongrel-1.0.1-jruby/lib/mongrel.rb:736:in `each'
    /Users/olabini/workspace/jruby/lib/ruby/gems/1.8/gems/mongrel-1.0.1-jruby/lib/mongrel.rb:617:in `process_client'
    /Users/olabini/workspace/jruby/lib/ruby/gems/1.8/gems/mongrel-1.0.1-jruby/lib/mongrel.rb:736:in `run'
    /Users/olabini/workspace/jruby/lib/ruby/gems/1.8/gems/mongrel-1.0.1-jruby/lib/mongrel/configurator.rb:271:in `initialize'


Rendering /Users/olabini/workspace/jruby/lib/ruby/gems/1.8/gems/actionpack-1.13.3/lib/action_controller/templates/rescues/layout.rhtml (500 Internal Error)


Processing ComposeController#default_render (for 127.0.0.1 at 2007-08-18 15:23:04) [GET]
  Session ID: 9ad77ec12ed73aa2275408d87b37a713
  Parameters: {"action"=>"default_render", "anything"=>[], "controller"=>"compose"}
  [4;36;1mSQL (0.000000)[0m   [0;1mSET SQL_AUTO_IS_NULL=0[0m
  [4;35;1mPath Load (0.000000)[0m   [0mNativeException: com.mysql.jdbc.exceptions.MySQLSyntaxErrorException: Table 'compose_dev.paths' doesn't exist: SELECT * FROM paths [0m


ActiveRecord::StatementInvalid (NativeException: com.mysql.jdbc.exceptions.MySQLSyntaxErrorException: Table 'compose_dev.paths' doesn't exist: SELECT * FROM paths ):
    /Users/olabini/workspace/jruby/lib/ruby/gems/1.8/gems/ActiveRecord-JDBC-0.5/lib/active_record/connection_adapters/jdbc_adapter.rb:520:in `log_no_bench'
    /Users/olabini/workspace/jruby/lib/ruby/gems/1.8/gems/ActiveRecord-JDBC-0.5/lib/active_record/connection_adapters/jdbc_adapter.rb:441:in `execute'
    /Users/olabini/workspace/jruby/lib/ruby/gems/1.8/gems/ActiveRecord-JDBC-0.5/lib/active_record/connection_adapters/jdbc_adapter.rb:499:in `select'
    /Users/olabini/workspace/jruby/lib/ruby/gems/1.8/gems/ActiveRecord-JDBC-0.5/lib/active_record/connection_adapters/jdbc_adapter.rb:433:in `select_all'
    /Users/olabini/workspace/jruby/lib/ruby/gems/1.8/gems/activerecord-1.15.3/lib/active_record/base.rb:427:in `find_by_sql'
    /Users/olabini/workspace/jruby/lib/ruby/gems/1.8/gems/activerecord-1.15.3/lib/active_record/base.rb:995:in `find_every'
    /Users/olabini/workspace/jruby/lib/ruby/gems/1.8/gems/activerecord-1.15.3/lib/active_record/base.rb:418:in `find'
    .//app/controllers/compose_controller.rb:6:in `default_render'
    /Users/olabini/workspace/jruby/lib/ruby/gems/1.8/gems/actionpack-1.13.3/lib/action_controller/base.rb:1095:in `send'
    /Users/olabini/workspace/jruby/lib/ruby/gems/1.8/gems/actionpack-1.13.3/lib/action_controller/base.rb:1095:in `perform_action'
    /Users/olabini/workspace/jruby/lib/ruby/gems/1.8/gems/actionpack-1.13.3/lib/action_controller/filters.rb:632:in `call_filter'
    /Users/olabini/workspace/jruby/lib/ruby/gems/1.8/gems/actionpack-1.13.3/lib/action_controller/filters.rb:619:in `perform_action_with_filters'
    /Users/olabini/workspace/jruby/lib/ruby/gems/1.8/gems/actionpack-1.13.3/lib/action_controller/benchmarking.rb:66:in `perform_action_with_benchmark'
    /Users/olabini/workspace/jruby/lib/ruby/gems/1.8/gems/actionpack-1.13.3/lib/action_controller/rescue.rb:83:in `measure'
    /Users/olabini/workspace/jruby/lib/ruby/gems/1.8/gems/actionpack-1.13.3/lib/action_controller/benchmarking.rb:66:in `perform_action_with_benchmark'
    /Users/olabini/workspace/jruby/lib/ruby/gems/1.8/gems/actionpack-1.13.3/lib/action_controller/rescue.rb:83:in `perform_action_with_rescue'
    /Users/olabini/workspace/jruby/lib/ruby/gems/1.8/gems/actionpack-1.13.3/lib/action_controller/base.rb:430:in `send'
    /Users/olabini/workspace/jruby/lib/ruby/gems/1.8/gems/actionpack-1.13.3/lib/action_controller/base.rb:430:in `process'
    /Users/olabini/workspace/jruby/lib/ruby/gems/1.8/gems/actionpack-1.13.3/lib/action_controller/filters.rb:624:in `process_with_filters'
    /Users/olabini/workspace/jruby/lib/ruby/gems/1.8/gems/actionpack-1.13.3/lib/action_controller/session_management.rb:114:in `process_with_session_management_support'
    /Users/olabini/workspace/jruby/lib/ruby/gems/1.8/gems/actionpack-1.13.3/lib/action_controller/base.rb:330:in `process'
    /Users/olabini/workspace/jruby/lib/ruby/gems/1.8/gems/rails-1.2.3/lib/dispatcher.rb:41:in `dispatch'
    /Users/olabini/workspace/jruby/lib/ruby/gems/1.8/gems/mongrel-1.0.1-jruby/lib/mongrel/rails.rb:78:in `process'
    /Users/olabini/workspace/jruby/lib/ruby/gems/1.8/gems/mongrel-1.0.1-jruby/lib/mongrel.rb:618:in `synchronize'
    /Users/olabini/workspace/jruby/lib/ruby/gems/1.8/gems/mongrel-1.0.1-jruby/lib/mongrel/rails.rb:76:in `process'
    /Users/olabini/workspace/jruby/lib/ruby/gems/1.8/gems/mongrel-1.0.1-jruby/lib/mongrel.rb:618:in `process_client'
    /Users/olabini/workspace/jruby/lib/ruby/gems/1.8/gems/mongrel-1.0.1-jruby/lib/mongrel.rb:736:in `each'
    /Users/olabini/workspace/jruby/lib/ruby/gems/1.8/gems/mongrel-1.0.1-jruby/lib/mongrel.rb:617:in `process_client'
    /Users/olabini/workspace/jruby/lib/ruby/gems/1.8/gems/mongrel-1.0.1-jruby/lib/mongrel.rb:736:in `run'
    /Users/olabini/workspace/jruby/lib/ruby/gems/1.8/gems/mongrel-1.0.1-jruby/lib/mongrel/configurator.rb:271:in `initialize'


Rendering /Users/olabini/workspace/jruby/lib/ruby/gems/1.8/gems/actionpack-1.13.3/lib/action_controller/templates/rescues/layout.rhtml (500 Internal Error)
  [4;36;1mSQL (0.000000)[0m   [0;1mSET SQL_AUTO_IS_NULL=0[0m
  [4;35;1mSQL (0.000000)[0m   [0mCREATE TABLE schema_info (version integer(10))[0m
  [4;36;1mSQL (0.000000)[0m   [0;1mINSERT INTO schema_info (version) VALUES(0)[0m
  [4;35;1mSQL (0.000000)[0m   [0mNativeException: com.mysql.jdbc.exceptions.MySQLSyntaxErrorException: Table 'schema_info' already exists: CREATE TABLE schema_info (version integer(10))[0m
  [4;36;1mSQL (0.000000)[0m   [0;1mSELECT version FROM schema_info[0m
Migrating to CreateUsers (1)
  [4;35;1mSQL (0.000000)[0m   [0mCREATE TABLE users (`id` int(11) DEFAULT NULL auto_increment PRIMARY KEY, `username` varchar(255) DEFAULT NULL, `password` varchar(255) DEFAULT NULL) ENGINE=InnoDB[0m
  [4;36;1mSQL (0.000000)[0m   [0;1mINSERT INTO users (`username`, `password`) VALUES('admin', 'admin')[0m
  [4;35;1mSQL (0.000000)[0m   [0mUPDATE schema_info SET version = 1[0m
  [4;36;1mSQL (0.000000)[0m   [0;1mSELECT version FROM schema_info[0m
Migrating to CreatePaths (2)
  [4;35;1mSQL (0.000000)[0m   [0mCREATE TABLE paths (`id` int(11) DEFAULT NULL auto_increment PRIMARY KEY, `path` varchar(255) DEFAULT NULL, `layout_id` integer(10) DEFAULT NULL, `name` varchar(255) DEFAULT NULL) ENGINE=InnoDB[0m
  [4;36;1mSQL (0.000000)[0m   [0;1mUPDATE schema_info SET version = 2[0m
  [4;35;1mSQL (0.000000)[0m   [0mSELECT version FROM schema_info[0m
Migrating to CreateStyles (3)
  [4;36;1mSQL (0.000000)[0m   [0;1mCREATE TABLE style_types (`id` int(11) DEFAULT NULL auto_increment PRIMARY KEY, `name` varchar(255) DEFAULT NULL) ENGINE=InnoDB[0m
  [4;35;1mSQL (0.000000)[0m   [0mINSERT INTO style_types (`name`) VALUES('CSS')[0m
  [4;36;1mSQL (0.000000)[0m   [0;1mINSERT INTO style_types (`name`) VALUES('XSLT')[0m
  [4;35;1mSQL (0.000000)[0m   [0mCREATE TABLE styles (`id` int(11) DEFAULT NULL auto_increment PRIMARY KEY, `name` varchar(255) DEFAULT NULL, `style_type_id` integer(10) DEFAULT NULL, `data` text DEFAULT NULL) ENGINE=InnoDB[0m
  [4;36;1mSQL (0.000000)[0m   [0;1mUPDATE schema_info SET version = 3[0m
  [4;35;1mSQL (0.000000)[0m   [0mSELECT version FROM schema_info[0m
Migrating to CreateLayouts (4)
  [4;36;1mSQL (0.000000)[0m   [0;1mCREATE TABLE layouts (`id` int(11) DEFAULT NULL auto_increment PRIMARY KEY, `name` varchar(255) DEFAULT NULL) ENGINE=InnoDB[0m
  [4;35;1mSQL (0.000000)[0m   [0mCREATE TABLE stylings (`id` int(11) DEFAULT NULL auto_increment PRIMARY KEY, `layout_id` integer(10) DEFAULT NULL, `style_id` integer(10) DEFAULT NULL, `sort` integer(10) DEFAULT NULL) ENGINE=InnoDB[0m
  [4;36;1mSQL (0.000000)[0m   [0;1mUPDATE schema_info SET version = 4[0m
  [4;35;1mSQL (0.000000)[0m   [0mSELECT version FROM schema_info[0m
Migrating to CreateArticles (5)
  [4;36;1mSQL (0.000000)[0m   [0;1mCREATE TABLE content_types (`id` int(11) DEFAULT NULL auto_increment PRIMARY KEY, `name` varchar(255) DEFAULT NULL) ENGINE=InnoDB[0m
  [4;35;1mSQL (0.000000)[0m   [0mINSERT INTO content_types (`name`) VALUES('RedCloth')[0m
  [4;36;1mSQL (0.000000)[0m   [0;1mINSERT INTO content_types (`name`) VALUES('BlueCloth')[0m
  [4;35;1mSQL (0.000000)[0m   [0mINSERT INTO content_types (`name`) VALUES('text')[0m
  [4;36;1mSQL (0.000000)[0m   [0;1mCREATE TABLE articles (`id` int(11) DEFAULT NULL auto_increment PRIMARY KEY, `path_id` integer(10) DEFAULT NULL, `subject` varchar(255) DEFAULT NULL, `content` text DEFAULT NULL, `content_type_id` integer(10) DEFAULT NULL, `user_id` integer(10) DEFAULT NULL, `layout_id` integer(10) DEFAULT NULL) ENGINE=InnoDB[0m
  [4;35;1mSQL (0.000000)[0m   [0mUPDATE schema_info SET version = 5[0m
  [4;36;1mSQL (0.000000)[0m   [0;1mSELECT version FROM schema_info[0m
Migrating to AddArticleName (6)
  [4;35;1mSQL (0.000000)[0m   [0mALTER TABLE articles ADD `name` varchar(255)[0m
  [4;36;1mSQL (0.000000)[0m   [0;1mUPDATE schema_info SET version = 6[0m
  [4;35;1mSQL (0.000000)[0m   [0mSELECT * FROM schema_info[0m


Processing ComposeController#default_render (for 127.0.0.1 at 2007-08-18 15:23:39) [GET]
  Session ID: 9ad77ec12ed73aa2275408d87b37a713
  Parameters: {"action"=>"default_render", "anything"=>[], "controller"=>"compose"}
  [4;36;1mSQL (0.000000)[0m   [0;1mSET SQL_AUTO_IS_NULL=0[0m
  [4;35;1mPath Load (0.000000)[0m   [0mSELECT * FROM paths [0m
Completed in 0.24700 (4 reqs/sec) | Rendering: 0.00000 (0%) | DB: 0.00000 (0%) | 404 Not Found [http://localhost/]


Processing ComposeController#default_render (for 127.0.0.1 at 2007-08-18 15:23:42) [GET]
  Session ID: 9ad77ec12ed73aa2275408d87b37a713
  Parameters: {"action"=>"default_render", "anything"=>[], "controller"=>"compose"}
  [4;36;1mPath Load (0.000000)[0m   [0;1mSELECT * FROM paths [0m
Completed in 0.02300 (43 reqs/sec) | Rendering: 0.00100 (4%) | DB: 0.00000 (0%) | 404 Not Found [http://localhost/]
AdminController: missing default helper path admin_helper


Processing StylesController#index (for 127.0.0.1 at 2007-08-18 15:24:26) [GET]
  Session ID: 9ad77ec12ed73aa2275408d87b37a713
  Parameters: {"action"=>"index", "controller"=>"styles"}
Redirected to http://localhost:3000/admin/auth/login?into=http%3A%2F%2Flocalhost%3A3000%2Fadmin
Completed in 0.00800 (125 reqs/sec) | 302 Found [http://localhost/admin]
AuthController: missing default helper path auth_helper


Processing AuthController#login (for 127.0.0.1 at 2007-08-18 15:24:26) [GET]
  Session ID: 9ad77ec12ed73aa2275408d87b37a713
  Parameters: {"into"=>"http://localhost:3000/admin", "action"=>"login", "controller"=>"auth"}
Rendering  within layouts/admin
Rendering auth/login
DEPRECATION WARNING: start_form_tag is deprecated and will be removed from Rails 2.0 (use form_tag instead)  See http://www.rubyonrails.org/deprecation for details. (called from _run_rhtml_47app47views47auth47login46rhtml at script/../config/../app/views/auth/login.rhtml:4)
DEPRECATION WARNING: end_form_tag is deprecated and will be removed from Rails 2.0  See http://www.rubyonrails.org/deprecation for details. (called from _run_rhtml_47app47views47auth47login46rhtml at script/../config/../app/views/auth/login.rhtml:17)
Completed in 0.06300 (15 reqs/sec) | Rendering: 0.06000 (95%) | 200 OK [http://localhost/admin/auth/login?into=http%3A%2F%2Flocalhost%3A3000%2Fadmin]
AuthController: missing default helper path auth_helper


Processing AuthController#login (for 127.0.0.1 at 2007-08-18 15:24:31) [POST]
  Session ID: 9ad77ec12ed73aa2275408d87b37a713
  Parameters: {"into"=>"http://localhost:3000/admin", "commit"=>"Login", "username"=>"admin", "action"=>"login", "controller"=>"auth", "password"=>"admin"}
  [4;36;1mSQL (0.000000)[0m   [0;1mSET SQL_AUTO_IS_NULL=0[0m
  [4;35;1mUser Load (0.000000)[0m   [0mSELECT * FROM users WHERE (users.`username` = 'admin' AND users.`password` = 'admin') LIMIT 1[0m
Redirected to http://localhost:3000/admin
Completed in 0.35600 (2 reqs/sec) | DB: 0.00000 (0%) | 302 Found [http://localhost/admin/auth/login]
AdminController: missing default helper path admin_helper


Processing StylesController#index (for 127.0.0.1 at 2007-08-18 15:24:31) [GET]
  Session ID: 9ad77ec12ed73aa2275408d87b37a713
  Parameters: {"action"=>"index", "controller"=>"styles"}
  [4;36;1mUser Load (0.000000)[0m   [0;1mSELECT * FROM users WHERE (users.`id` = 1) LIMIT 1[0m
  [4;35;1mSQL (0.000000)[0m   [0mSELECT count(*) AS count_all FROM styles [0m
  [4;36;1mStyle Load (0.000000)[0m   [0;1mSELECT * FROM styles LIMIT 0, 10[0m
Rendering actionlistlayoutfalse within layouts/admin
Rendering styles/list
Completed in 0.17600 (5 reqs/sec) | Rendering: 0.03000 (17%) | DB: 0.00000 (0%) | 200 OK [http://localhost/admin]
AdminController: missing default helper path admin_helper


Processing UsersController#index (for 127.0.0.1 at 2007-08-18 15:24:34) [GET]
  Session ID: 9ad77ec12ed73aa2275408d87b37a713
  Parameters: {"action"=>"index", "controller"=>"users"}
  [4;35;1mUser Load (0.000000)[0m   [0mSELECT * FROM users WHERE (users.`id` = 1) LIMIT 1[0m
  [4;36;1mSQL (0.000000)[0m   [0;1mSELECT count(*) AS count_all FROM users [0m
  [4;35;1mUser Load (0.000000)[0m   [0mSELECT * FROM users LIMIT 0, 10[0m
Rendering actionlistlayoutfalse within layouts/admin
Rendering users/list
Rendered users/_form (0.01200)
Completed in 0.14300 (6 reqs/sec) | Rendering: 0.08200 (57%) | DB: 0.00000 (0%) | 200 OK [http://localhost/admin/users]
AdminController: missing default helper path admin_helper


Processing StylesController#index (for 127.0.0.1 at 2007-08-18 15:24:35) [GET]
  Session ID: 9ad77ec12ed73aa2275408d87b37a713
  Parameters: {"action"=>"index", "controller"=>"styles"}
  [4;36;1mUser Load (0.000000)[0m   [0;1mSELECT * FROM users WHERE (users.`id` = 1) LIMIT 1[0m
  [4;35;1mSQL (0.000000)[0m   [0mSELECT count(*) AS count_all FROM styles [0m
  [4;36;1mStyle Load (0.000000)[0m   [0;1mSELECT * FROM styles LIMIT 0, 10[0m
Rendering actionlistlayoutfalse within layouts/admin
Rendering styles/list
Completed in 0.14300 (6 reqs/sec) | Rendering: 0.03400 (23%) | DB: 0.00000 (0%) | 200 OK [http://localhost/admin]
AdminController: missing default helper path admin_helper


Processing LayoutsController#index (for 127.0.0.1 at 2007-08-18 15:24:36) [GET]
  Session ID: 9ad77ec12ed73aa2275408d87b37a713
  Parameters: {"action"=>"index", "controller"=>"layouts"}
  [4;35;1mUser Load (0.000000)[0m   [0mSELECT * FROM users WHERE (users.`id` = 1) LIMIT 1[0m
  [4;36;1mSQL (0.000000)[0m   [0;1mSELECT count(*) AS count_all FROM layouts [0m
  [4;35;1mLayout Load (0.000000)[0m   [0mSELECT * FROM layouts LIMIT 0, 10[0m
Rendering actionlistlayoutfalse within layouts/admin
Rendering layouts/list
Completed in 0.13000 (7 reqs/sec) | Rendering: 0.03900 (30%) | DB: 0.00000 (0%) | 200 OK [http://localhost/admin/layouts]
AdminController: missing default helper path admin_helper


Processing PathsController#index (for 127.0.0.1 at 2007-08-18 15:24:37) [GET]
  Session ID: 9ad77ec12ed73aa2275408d87b37a713
  Parameters: {"action"=>"index", "controller"=>"paths"}
  [4;36;1mUser Load (0.000000)[0m   [0;1mSELECT * FROM users WHERE (users.`id` = 1) LIMIT 1[0m
  [4;35;1mSQL (0.000000)[0m   [0mSELECT count(*) AS count_all FROM paths [0m
  [4;36;1mPath Load (0.000000)[0m   [0;1mSELECT * FROM paths LIMIT 0, 10[0m
Rendering actionlistlayoutfalse within layouts/admin
Rendering paths/list
Completed in 0.11900 (8 reqs/sec) | Rendering: 0.02900 (24%) | DB: 0.00000 (0%) | 200 OK [http://localhost/admin/paths]
AdminController: missing default helper path admin_helper


Processing ArticlesController#index (for 127.0.0.1 at 2007-08-18 15:24:38) [GET]
  Session ID: 9ad77ec12ed73aa2275408d87b37a713
  Parameters: {"action"=>"index", "controller"=>"articles"}
  [4;35;1mUser Load (0.000000)[0m   [0mSELECT * FROM users WHERE (users.`id` = 1) LIMIT 1[0m
  [4;36;1mSQL (0.000000)[0m   [0;1mSELECT count(*) AS count_all FROM articles [0m
  [4;35;1mArticle Load (0.000000)[0m   [0mSELECT * FROM articles LIMIT 0, 10[0m
Rendering actionlistlayoutfalse within layouts/admin
Rendering articles/list
Completed in 0.13100 (7 reqs/sec) | Rendering: 0.03800 (29%) | DB: 0.00000 (0%) | 200 OK [http://localhost/admin/articles]
AdminController: missing default helper path admin_helper


Processing StylesController#index (for 127.0.0.1 at 2007-08-18 15:24:41) [GET]
  Session ID: 9ad77ec12ed73aa2275408d87b37a713
  Parameters: {"action"=>"index", "controller"=>"styles"}
  [4;36;1mUser Load (0.000000)[0m   [0;1mSELECT * FROM users WHERE (users.`id` = 1) LIMIT 1[0m
  [4;35;1mSQL (0.000000)[0m   [0mSELECT count(*) AS count_all FROM styles [0m
  [4;36;1mStyle Load (0.000000)[0m   [0;1mSELECT * FROM styles LIMIT 0, 10[0m
Rendering actionlistlayoutfalse within layouts/admin
Rendering styles/list
Completed in 0.10700 (9 reqs/sec) | Rendering: 0.01800 (16%) | DB: 0.00000 (0%) | 200 OK [http://localhost/admin]
AdminController: missing default helper path admin_helper


Processing StylesController#new (for 127.0.0.1 at 2007-08-18 15:24:42) [GET]
  Session ID: 9ad77ec12ed73aa2275408d87b37a713
  Parameters: {"action"=>"new", "controller"=>"styles"}
  [4;35;1mUser Load (0.000000)[0m   [0mSELECT * FROM users WHERE (users.`id` = 1) LIMIT 1[0m
  [4;36;1mStyleType Load (0.000000)[0m   [0;1mSELECT * FROM style_types WHERE (style_types.`name` = 'CSS') LIMIT 1[0m
  [4;35;1mSQL (0.000000)[0m   [0mINSERT INTO styles (`name`, `style_type_id`, `data`) VALUES('NEW STYLE', 1, '')[0m
Redirected to http://localhost:3000/admin/styles/list
Completed in 0.14100 (7 reqs/sec) | DB: 0.00000 (0%) | 302 Found [http://localhost/admin/styles/new]
AdminController: missing default helper path admin_helper


Processing StylesController#list (for 127.0.0.1 at 2007-08-18 15:24:43) [GET]
  Session ID: 9ad77ec12ed73aa2275408d87b37a713
  Parameters: {"action"=>"list", "controller"=>"styles"}
  [4;36;1mUser Load (0.000000)[0m   [0;1mSELECT * FROM users WHERE (users.`id` = 1) LIMIT 1[0m
  [4;35;1mSQL (0.000000)[0m   [0mSELECT count(*) AS count_all FROM styles [0m
  [4;36;1mStyle Load (0.000000)[0m   [0;1mSELECT * FROM styles LIMIT 0, 10[0m
Rendering  within layouts/admin
Rendering styles/list
  [4;35;1mStyleType Load (0.000000)[0m   [0mSELECT * FROM style_types WHERE (style_types.`id` = 1) [0m
  [4;36;1mSQL (0.000000)[0m   [0;1mSELECT count(*) AS count_all FROM stylings WHERE (stylings.style_id = 1) [0m
DEPRECATION WARNING: Passing :post as a link modifier is deprecated. Use :method => "post" instead. :post will be removed in Rails 2.0.  See http://www.rubyonrails.org/deprecation for details. (called from convert_options_to_javascript! at /Users/olabini/workspace/jruby/lib/ruby/gems/1.8/gems/actionpack-1.13.3/lib/action_view/helpers/url_helper.rb:331)
Completed in 0.21300 (4 reqs/sec) | Rendering: 0.12400 (58%) | DB: 0.00000 (0%) | 200 OK [http://localhost/admin/styles/list]
AdminController: missing default helper path admin_helper


Processing StylesController#edit (for 127.0.0.1 at 2007-08-18 15:24:48) [GET]
  Session ID: 9ad77ec12ed73aa2275408d87b37a713
  Parameters: {"action"=>"edit", "id"=>"1", "controller"=>"styles"}
  [4;35;1mUser Load (0.000000)[0m   [0mSELECT * FROM users WHERE (users.`id` = 1) LIMIT 1[0m
  [4;36;1mStyle Load (0.000000)[0m   [0;1mSELECT * FROM styles WHERE (styles.`id` = 1) [0m
  [4;35;1mStyleType Load (0.000000)[0m   [0mSELECT * FROM style_types [0m
Rendering  within layouts/admin
Rendering styles/edit
DEPRECATION WARNING: start_form_tag is deprecated and will be removed from Rails 2.0 (use form_tag instead)  See http://www.rubyonrails.org/deprecation for details. (called from _run_rhtml_47app47views47styles47edit46rhtml at script/../config/../app/views/styles/edit.rhtml:4)
Rendered styles/_form (0.02400)
DEPRECATION WARNING: end_form_tag is deprecated and will be removed from Rails 2.0  See http://www.rubyonrails.org/deprecation for details. (called from _run_rhtml_47app47views47styles47edit46rhtml at script/../config/../app/views/styles/edit.rhtml:7)
Completed in 0.21300 (4 reqs/sec) | Rendering: 0.09600 (45%) | DB: 0.00000 (0%) | 200 OK [http://localhost/admin/styles/edit/1]
AdminController: missing default helper path admin_helper


Processing StylesController#update (for 127.0.0.1 at 2007-08-18 15:24:53) [POST]
  Session ID: 9ad77ec12ed73aa2275408d87b37a713
  Parameters: {"commit"=>"Edit", "action"=>"update", "id"=>"1", "controller"=>"styles", "style"=>{"name"=>"NEW STYLE", "style_type_id"=>"2", "data"=>""}}
  [4;36;1mUser Load (0.000000)[0m   [0;1mSELECT * FROM users WHERE (users.`id` = 1) LIMIT 1[0m
  [4;35;1mStyle Load (0.000000)[0m   [0mSELECT * FROM styles WHERE (styles.`id` = 1) [0m
  [4;36;1mStyle Update (0.000000)[0m   [0;1mUPDATE styles SET `data` = '', `style_type_id` = 2, `name` = 'NEW STYLE' WHERE `id` = 1[0m
Redirected to http://localhost:3000/admin/styles/list
Completed in 0.11300 (8 reqs/sec) | DB: 0.00000 (0%) | 302 Found [http://localhost/admin/styles/update/1]
AdminController: missing default helper path admin_helper


Processing StylesController#list (for 127.0.0.1 at 2007-08-18 15:24:53) [GET]
  Session ID: 9ad77ec12ed73aa2275408d87b37a713
  Parameters: {"action"=>"list", "controller"=>"styles"}
  [4;35;1mUser Load (0.000000)[0m   [0mSELECT * FROM users WHERE (users.`id` = 1) LIMIT 1[0m
  [4;36;1mSQL (0.000000)[0m   [0;1mSELECT count(*) AS count_all FROM styles [0m
  [4;35;1mStyle Load (0.000000)[0m   [0mSELECT * FROM styles LIMIT 0, 10[0m
Rendering  within layouts/admin
Rendering styles/list
  [4;36;1mStyleType Load (0.000000)[0m   [0;1mSELECT * FROM style_types WHERE (style_types.`id` = 2) [0m
  [4;35;1mSQL (0.000000)[0m   [0mSELECT count(*) AS count_all FROM stylings WHERE (stylings.style_id = 1) [0m
DEPRECATION WARNING: Passing :post as a link modifier is deprecated. Use :method => "post" instead. :post will be removed in Rails 2.0.  See http://www.rubyonrails.org/deprecation for details. (called from convert_options_to_javascript! at /Users/olabini/workspace/jruby/lib/ruby/gems/1.8/gems/actionpack-1.13.3/lib/action_view/helpers/url_helper.rb:331)
Completed in 0.18200 (5 reqs/sec) | Rendering: 0.09700 (53%) | DB: 0.00000 (0%) | 200 OK [http://localhost/admin/styles/list]
AdminController: missing default helper path admin_helper


Processing LayoutsController#index (for 127.0.0.1 at 2007-08-18 15:24:55) [GET]
  Session ID: 9ad77ec12ed73aa2275408d87b37a713
  Parameters: {"action"=>"index", "controller"=>"layouts"}
  [4;36;1mUser Load (0.000000)[0m   [0;1mSELECT * FROM users WHERE (users.`id` = 1) LIMIT 1[0m
  [4;35;1mSQL (0.000000)[0m   [0mSELECT count(*) AS count_all FROM layouts [0m
  [4;36;1mLayout Load (0.000000)[0m   [0;1mSELECT * FROM layouts LIMIT 0, 10[0m
Rendering actionlistlayoutfalse within layouts/admin
Rendering layouts/list
Completed in 0.10700 (9 reqs/sec) | Rendering: 0.02900 (27%) | DB: 0.00000 (0%) | 200 OK [http://localhost/admin/layouts]
AdminController: missing default helper path admin_helper


Processing LayoutsController#create (for 127.0.0.1 at 2007-08-18 15:24:57) [POST]
  Session ID: 9ad77ec12ed73aa2275408d87b37a713
  Parameters: {"action"=>"create", "controller"=>"layouts"}
  [4;35;1mUser Load (0.000000)[0m   [0mSELECT * FROM users WHERE (users.`id` = 1) LIMIT 1[0m
  [4;36;1mSQL (0.000000)[0m   [0;1mINSERT INTO layouts (`name`) VALUES('New layout')[0m
Redirected to http://localhost:3000/admin/layouts/list
Completed in 0.11500 (8 reqs/sec) | DB: 0.00000 (0%) | 302 Found [http://localhost/admin/layouts/create]
AdminController: missing default helper path admin_helper


Processing LayoutsController#list (for 127.0.0.1 at 2007-08-18 15:24:57) [GET]
  Session ID: 9ad77ec12ed73aa2275408d87b37a713
  Parameters: {"action"=>"list", "controller"=>"layouts"}
  [4;35;1mUser Load (0.000000)[0m   [0mSELECT * FROM users WHERE (users.`id` = 1) LIMIT 1[0m
  [4;36;1mSQL (0.000000)[0m   [0;1mSELECT count(*) AS count_all FROM layouts [0m
  [4;35;1mLayout Load (0.000000)[0m   [0mSELECT * FROM layouts LIMIT 0, 10[0m
Rendering  within layouts/admin
Rendering layouts/list
DEPRECATION WARNING: Passing :post as a link modifier is deprecated. Use :method => "post" instead. :post will be removed in Rails 2.0.  See http://www.rubyonrails.org/deprecation for details. (called from convert_options_to_javascript! at /Users/olabini/workspace/jruby/lib/ruby/gems/1.8/gems/actionpack-1.13.3/lib/action_view/helpers/url_helper.rb:331)
DEPRECATION WARNING: Passing :post as a link modifier is deprecated. Use :method => "post" instead. :post will be removed in Rails 2.0.  See http://www.rubyonrails.org/deprecation for details. (called from convert_options_to_javascript! at /Users/olabini/workspace/jruby/lib/ruby/gems/1.8/gems/actionpack-1.13.3/lib/action_view/helpers/url_helper.rb:331)
Completed in 0.11200 (8 reqs/sec) | Rendering: 0.03400 (30%) | DB: 0.00000 (0%) | 200 OK [http://localhost/admin/layouts/list]
AdminController: missing default helper path admin_helper


Processing LayoutsController#create (for 127.0.0.1 at 2007-08-18 15:24:59) [POST]
  Session ID: 9ad77ec12ed73aa2275408d87b37a713
  Parameters: {"action"=>"create", "controller"=>"layouts"}
  [4;36;1mUser Load (0.000000)[0m   [0;1mSELECT * FROM users WHERE (users.`id` = 1) LIMIT 1[0m
  [4;35;1mSQL (0.000000)[0m   [0mINSERT INTO layouts (`name`) VALUES('New layout')[0m
Redirected to http://localhost:3000/admin/layouts/list
Completed in 0.10200 (9 reqs/sec) | DB: 0.00000 (0%) | 302 Found [http://localhost/admin/layouts/create]
AdminController: missing default helper path admin_helper


Processing LayoutsController#list (for 127.0.0.1 at 2007-08-18 15:24:59) [GET]
  Session ID: 9ad77ec12ed73aa2275408d87b37a713
  Parameters: {"action"=>"list", "controller"=>"layouts"}
  [4;36;1mUser Load (0.000000)[0m   [0;1mSELECT * FROM users WHERE (users.`id` = 1) LIMIT 1[0m
  [4;35;1mSQL (0.000000)[0m   [0mSELECT count(*) AS count_all FROM layouts [0m
  [4;36;1mLayout Load (0.000000)[0m   [0;1mSELECT * FROM layouts LIMIT 0, 10[0m
Rendering  within layouts/admin
Rendering layouts/list
DEPRECATION WARNING: Passing :post as a link modifier is deprecated. Use :method => "post" instead. :post will be removed in Rails 2.0.  See http://www.rubyonrails.org/deprecation for details. (called from convert_options_to_javascript! at /Users/olabini/workspace/jruby/lib/ruby/gems/1.8/gems/actionpack-1.13.3/lib/action_view/helpers/url_helper.rb:331)
DEPRECATION WARNING: Passing :post as a link modifier is deprecated. Use :method => "post" instead. :post will be removed in Rails 2.0.  See http://www.rubyonrails.org/deprecation for details. (called from convert_options_to_javascript! at /Users/olabini/workspace/jruby/lib/ruby/gems/1.8/gems/actionpack-1.13.3/lib/action_view/helpers/url_helper.rb:331)
DEPRECATION WARNING: Passing :post as a link modifier is deprecated. Use :method => "post" instead. :post will be removed in Rails 2.0.  See http://www.rubyonrails.org/deprecation for details. (called from convert_options_to_javascript! at /Users/olabini/workspace/jruby/lib/ruby/gems/1.8/gems/actionpack-1.13.3/lib/action_view/helpers/url_helper.rb:331)
Completed in 0.12500 (8 reqs/sec) | Rendering: 0.02800 (22%) | DB: 0.00000 (0%) | 200 OK [http://localhost/admin/layouts/list]
AdminController: missing default helper path admin_helper


Processing LayoutsController#edit (for 127.0.0.1 at 2007-08-18 15:25:00) [GET]
  Session ID: 9ad77ec12ed73aa2275408d87b37a713
  Parameters: {"action"=>"edit", "id"=>"1", "controller"=>"layouts"}
  [4;35;1mUser Load (0.000000)[0m   [0mSELECT * FROM users WHERE (users.`id` = 1) LIMIT 1[0m
  [4;36;1mLayout Load (0.000000)[0m   [0;1mSELECT * FROM layouts WHERE (layouts.`id` = 1) [0m
  [4;35;1mStyle Load (0.000000)[0m   [0mSELECT * FROM styles ORDER BY name[0m
Rendering  within layouts/admin
Rendering layouts/edit
DEPRECATION WARNING: start_form_tag is deprecated and will be removed from Rails 2.0 (use form_tag instead)  See http://www.rubyonrails.org/deprecation for details. (called from _run_rhtml_47app47views47layouts47edit46rhtml at script/../config/../app/views/layouts/edit.rhtml:4)
  [4;36;1mStyling Load (0.000000)[0m   [0;1mSELECT * FROM stylings WHERE (stylings.layout_id = 1) ORDER BY stylings.sort[0m
Rendered layouts/_style_list (0.04500)
  [4;35;1mStyleType Load (0.000000)[0m   [0mSELECT * FROM style_types WHERE (style_types.`id` = 2) [0m
Rendered layouts/_form (0.14100)
DEPRECATION WARNING: end_form_tag is deprecated and will be removed from Rails 2.0  See http://www.rubyonrails.org/deprecation for details. (called from _run_rhtml_47app47views47layouts47edit46rhtml at script/../config/../app/views/layouts/edit.rhtml:7)
Completed in 0.38100 (2 reqs/sec) | Rendering: 0.18900 (49%) | DB: 0.00000 (0%) | 200 OK [http://localhost/admin/layouts/edit/1]
AdminController: missing default helper path admin_helper


Processing LayoutsController#add_style (for 127.0.0.1 at 2007-08-18 15:25:04) [POST]
  Session ID: 9ad77ec12ed73aa2275408d87b37a713
  Parameters: {"action"=>"add_style", "id"=>"1", "controller"=>"layouts", "style"=>"1"}
  [4;36;1mUser Load (0.000000)[0m   [0;1mSELECT * FROM users WHERE (users.`id` = 1) LIMIT 1[0m
  [4;35;1mLayout Load (0.000000)[0m   [0mSELECT * FROM layouts WHERE (layouts.`id` = 1) [0m
  [4;36;1mStyle Load (0.000000)[0m   [0;1mSELECT * FROM styles WHERE (styles.`id` = 1) [0m
  [4;35;1mSQL (0.000000)[0m   [0mSELECT count(*) AS count_all FROM stylings WHERE (stylings.layout_id = 1) [0m
  [4;36;1mSQL (0.000000)[0m   [0;1mINSERT INTO stylings (`style_id`, `layout_id`, `sort`) VALUES(1, 1, 1)[0m
  [4;35;1mStyleType Load (0.000000)[0m   [0mSELECT * FROM style_types WHERE (style_types.`id` = 2) [0m
Rendered layouts/_style_list (0.05200)
Completed in 0.21900 (4 reqs/sec) | Rendering: 0.05400 (24%) | DB: 0.00000 (0%) | 200 OK [http://localhost/admin/layouts/add_style/1?style=1]
AdminController: missing default helper path admin_helper


Processing LayoutsController#add_style (for 127.0.0.1 at 2007-08-18 15:25:05) [POST]
  Session ID: 9ad77ec12ed73aa2275408d87b37a713
  Parameters: {"action"=>"add_style", "id"=>"1", "controller"=>"layouts", "style"=>"1"}
  [4;36;1mUser Load (0.000000)[0m   [0;1mSELECT * FROM users WHERE (users.`id` = 1) LIMIT 1[0m
  [4;35;1mLayout Load (0.000000)[0m   [0mSELECT * FROM layouts WHERE (layouts.`id` = 1) [0m
  [4;36;1mStyle Load (0.000000)[0m   [0;1mSELECT * FROM styles WHERE (styles.`id` = 1) [0m
  [4;35;1mSQL (0.000000)[0m   [0mSELECT count(*) AS count_all FROM stylings WHERE (stylings.layout_id = 1) [0m
  [4;36;1mStyling Load (0.000000)[0m   [0;1mSELECT * FROM stylings WHERE (stylings.layout_id = 1) ORDER BY stylings.sort[0m
  [4;35;1mSQL (0.000000)[0m   [0mINSERT INTO stylings (`style_id`, `layout_id`, `sort`) VALUES(1, 1, 2)[0m
  [4;36;1mStyle Load (0.000000)[0m   [0;1mSELECT * FROM styles WHERE (styles.`id` = 1) [0m
  [4;35;1mStyleType Load (0.000000)[0m   [0mSELECT * FROM style_types WHERE (style_types.`id` = 2) [0m
  [4;36;1mStyleType Load (0.000000)[0m   [0;1mSELECT * FROM style_types WHERE (style_types.`id` = 2) [0m
Rendered layouts/_style_list (0.05700)
Completed in 0.22300 (4 reqs/sec) | Rendering: 0.05900 (26%) | DB: 0.00000 (0%) | 200 OK [http://localhost/admin/layouts/add_style/1?style=1]
AdminController: missing default helper path admin_helper


Processing LayoutsController#sort (for 127.0.0.1 at 2007-08-18 15:25:08) [POST]
  Session ID: 9ad77ec12ed73aa2275408d87b37a713
  Parameters: {"action"=>"sort", "id"=>"1", "controller"=>"layouts", "styles-list"=>["2", "1"]}
  [4;35;1mUser Load (0.000000)[0m   [0mSELECT * FROM users WHERE (users.`id` = 1) LIMIT 1[0m
  [4;36;1mLayout Load (0.000000)[0m   [0;1mSELECT * FROM layouts WHERE (layouts.`id` = 1) [0m
  [4;35;1mStyling Load (0.000000)[0m   [0mSELECT * FROM stylings WHERE (stylings.layout_id = 1) ORDER BY stylings.sort[0m
  [4;36;1mStyling Update (0.000000)[0m   [0;1mUPDATE stylings SET `style_id` = 1, `sort` = 2, `layout_id` = 1 WHERE `id` = 1[0m
  [4;35;1mStyling Update (0.000000)[0m   [0mUPDATE stylings SET `style_id` = 1, `sort` = 1, `layout_id` = 1 WHERE `id` = 2[0m
Completed in 0.13900 (7 reqs/sec) | Rendering: 0.00000 (0%) | DB: 0.00000 (0%) | 200 OK [http://localhost/admin/layouts/sort/1]
AdminController: missing default helper path admin_helper


Processing PathsController#index (for 127.0.0.1 at 2007-08-18 15:25:10) [GET]
  Session ID: 9ad77ec12ed73aa2275408d87b37a713
  Parameters: {"action"=>"index", "controller"=>"paths"}
  [4;36;1mUser Load (0.000000)[0m   [0;1mSELECT * FROM users WHERE (users.`id` = 1) LIMIT 1[0m
  [4;35;1mSQL (0.000000)[0m   [0mSELECT count(*) AS count_all FROM paths [0m
  [4;36;1mPath Load (0.000000)[0m   [0;1mSELECT * FROM paths LIMIT 0, 10[0m
Rendering actionlistlayoutfalse within layouts/admin
Rendering paths/list
Completed in 0.09600 (10 reqs/sec) | Rendering: 0.01600 (16%) | DB: 0.00000 (0%) | 200 OK [http://localhost/admin/paths]
AdminController: missing default helper path admin_helper


Processing PathsController#new (for 127.0.0.1 at 2007-08-18 15:25:11) [GET]
  Session ID: 9ad77ec12ed73aa2275408d87b37a713
  Parameters: {"action"=>"new", "controller"=>"paths"}
  [4;35;1mUser Load (0.000000)[0m   [0mSELECT * FROM users WHERE (users.`id` = 1) LIMIT 1[0m
  [4;36;1mLayout Load (0.000000)[0m   [0;1mSELECT * FROM layouts ORDER BY name[0m
Rendering  within layouts/admin
Rendering paths/new
DEPRECATION WARNING: start_form_tag is deprecated and will be removed from Rails 2.0 (use form_tag instead)  See http://www.rubyonrails.org/deprecation for details. (called from _run_rhtml_47app47views47paths47new46rhtml at script/../config/../app/views/paths/new.rhtml:4)
Rendered paths/_form (0.03300)
DEPRECATION WARNING: end_form_tag is deprecated and will be removed from Rails 2.0  See http://www.rubyonrails.org/deprecation for details. (called from _run_rhtml_47app47views47paths47new46rhtml at script/../config/../app/views/paths/new.rhtml:7)
Completed in 0.15800 (6 reqs/sec) | Rendering: 0.06100 (38%) | DB: 0.00000 (0%) | 200 OK [http://localhost/admin/paths/new]
AdminController: missing default helper path admin_helper


Processing PathsController#create (for 127.0.0.1 at 2007-08-18 15:25:18) [POST]
  Session ID: 9ad77ec12ed73aa2275408d87b37a713
  Parameters: {"commit"=>"Create", "action"=>"create", "controller"=>"paths", "path"=>{"name"=>"", "layout_id"=>"1", "path"=>"/foo"}}
  [4;35;1mUser Load (0.000000)[0m   [0mSELECT * FROM users WHERE (users.`id` = 1) LIMIT 1[0m
  [4;36;1mSQL (0.000000)[0m   [0;1mINSERT INTO paths (`name`, `layout_id`, `path`) VALUES('', 1, '/foo')[0m
Redirected to http://localhost:3000/admin/paths/list
Completed in 0.08300 (12 reqs/sec) | DB: 0.00000 (0%) | 302 Found [http://localhost/admin/paths/create]
AdminController: missing default helper path admin_helper


Processing PathsController#list (for 127.0.0.1 at 2007-08-18 15:25:18) [GET]
  Session ID: 9ad77ec12ed73aa2275408d87b37a713
  Parameters: {"action"=>"list", "controller"=>"paths"}
  [4;35;1mUser Load (0.000000)[0m   [0mSELECT * FROM users WHERE (users.`id` = 1) LIMIT 1[0m
  [4;36;1mSQL (0.000000)[0m   [0;1mSELECT count(*) AS count_all FROM paths [0m
  [4;35;1mPath Load (0.000000)[0m   [0mSELECT * FROM paths LIMIT 0, 10[0m
Rendering  within layouts/admin
Rendering paths/list
DEPRECATION WARNING: Passing :post as a link modifier is deprecated. Use :method => "post" instead. :post will be removed in Rails 2.0.  See http://www.rubyonrails.org/deprecation for details. (called from convert_options_to_javascript! at /Users/olabini/workspace/jruby/lib/ruby/gems/1.8/gems/actionpack-1.13.3/lib/action_view/helpers/url_helper.rb:331)
Completed in 0.10300 (9 reqs/sec) | Rendering: 0.02900 (28%) | DB: 0.00000 (0%) | 200 OK [http://localhost/admin/paths/list]


Processing ComposeController#default_render (for 127.0.0.1 at 2007-08-18 15:25:22) [GET]
  Session ID: 9ad77ec12ed73aa2275408d87b37a713
  Parameters: {"action"=>"default_render", "anything"=>["foo"], "controller"=>"compose"}
  [4;36;1mPath Load (0.000000)[0m   [0;1mSELECT * FROM paths [0m
  [4;35;1mArticle Load (0.000000)[0m   [0mSELECT * FROM articles WHERE (articles.path_id = 1) [0m
Completed in 0.07000 (14 reqs/sec) | Rendering: 0.00100 (1%) | DB: 0.00000 (0%) | 404 Not Found [http://localhost/foo]


Processing ComposeController#default_render (for 127.0.0.1 at 2007-08-18 15:25:23) [GET]
  Session ID: 9ad77ec12ed73aa2275408d87b37a713
  Parameters: {"action"=>"default_render", "anything"=>["foo"], "controller"=>"compose"}
  [4;36;1mPath Load (0.000000)[0m   [0;1mSELECT * FROM paths [0m
  [4;35;1mArticle Load (0.000000)[0m   [0mSELECT * FROM articles WHERE (articles.path_id = 1) [0m
Completed in 0.06800 (14 reqs/sec) | Rendering: 0.00000 (0%) | DB: 0.00000 (0%) | 404 Not Found [http://localhost/foo]
